# JRE version: OpenJDK Runtime Environment (11.0.15) (build 11.0.15+0-b2043.56-9505619)
# Java VM: OpenJDK 64-Bit Server VM (11.0.15+0-b2043.56-9505619, mixed mode, tiered, compressed oops, g1 gc, windows-amd64)
Heap:
 garbage-first heap   total 175104K, used 106686K [0x0000000080000000, 0x0000000100000000)
  region size 1024K, 1 young (1024K), 1 survivors (1024K)
 Metaspace       used 57744K, capacity 59418K, committed 59472K, reserved 1118208K
  class space    used 7368K, capacity 8052K, committed 8064K, reserved 1048576K
GC Heap History (20 events):
Event: 3.576 GC heap before
{Heap before GC invocations=10 (full 0):
 garbage-first heap   total 145408K, used 113155K [0x0000000080000000, 0x0000000100000000)
  region size 1024K, 49 young (50176K), 6 survivors (6144K)
 Metaspace       used 44163K, capacity 45297K, committed 45520K, reserved 1089536K
  class space    used 5664K, capacity 6111K, committed 6144K, reserved 1048576K
}
Event: 3.582 GC heap after
{Heap after GC invocations=11 (full 0):
 garbage-first heap   total 145408K, used 74278K [0x0000000080000000, 0x0000000100000000)
  region size 1024K, 4 young (4096K), 4 survivors (4096K)
 Metaspace       used 44163K, capacity 45297K, committed 45520K, reserved 1089536K
  class space    used 5664K, capacity 6111K, committed 6144K, reserved 1048576K
}
Event: 3.710 GC heap before
{Heap before GC invocations=12 (full 0):
 garbage-first heap   total 145408K, used 96806K [0x0000000080000000, 0x0000000100000000)
  region size 1024K, 20 young (20480K), 4 survivors (4096K)
 Metaspace       used 44846K, capacity 46082K, committed 46160K, reserved 1089536K
  class space    used 5743K, capacity 6242K, committed 6272K, reserved 1048576K
}
Event: 3.714 GC heap after
{Heap after GC invocations=13 (full 0):
 garbage-first heap   total 145408K, used 84944K [0x0000000080000000, 0x0000000100000000)
  region size 1024K, 6 young (6144K), 6 survivors (6144K)
 Metaspace       used 44846K, capacity 46082K, committed 46160K, reserved 1089536K
  class space    used 5743K, capacity 6242K, committed 6272K, reserved 1048576K
}
Event: 3.962 GC heap before
{Heap before GC invocations=14 (full 0):
 garbage-first heap   total 145408K, used 118736K [0x0000000080000000, 0x0000000100000000)
  region size 1024K, 39 young (39936K), 6 survivors (6144K)
 Metaspace       used 47193K, capacity 48491K, committed 48720K, reserved 1091584K
  class space    used 5966K, capacity 6464K, committed 6528K, reserved 1048576K
}
Event: 3.965 GC heap after
{Heap after GC invocations=15 (full 0):
 garbage-first heap   total 145408K, used 87099K [0x0000000080000000, 0x0000000100000000)
  region size 1024K, 5 young (5120K), 5 survivors (5120K)
 Metaspace       used 47193K, capacity 48491K, committed 48720K, reserved 1091584K
  class space    used 5966K, capacity 6464K, committed 6528K, reserved 1048576K
}
Event: 4.114 GC heap before
{Heap before GC invocations=15 (full 0):
 garbage-first heap   total 145408K, used 104507K [0x0000000080000000, 0x0000000100000000)
  region size 1024K, 23 young (23552K), 5 survivors (5120K)
 Metaspace       used 48480K, capacity 49809K, committed 50000K, reserved 1093632K
  class space    used 6177K, capacity 6690K, committed 6784K, reserved 1048576K
}
Event: 4.117 GC heap after
{Heap after GC invocations=16 (full 0):
 garbage-first heap   total 145408K, used 88450K [0x0000000080000000, 0x0000000100000000)
  region size 1024K, 2 young (2048K), 2 survivors (2048K)
 Metaspace       used 48480K, capacity 49809K, committed 50000K, reserved 1093632K
  class space    used 6177K, capacity 6690K, committed 6784K, reserved 1048576K
}
Event: 4.319 GC heap before
{Heap before GC invocations=17 (full 0):
 garbage-first heap   total 145408K, used 121218K [0x0000000080000000, 0x0000000100000000)
  region size 1024K, 29 young (29696K), 2 survivors (2048K)
 Metaspace       used 50317K, capacity 51737K, committed 51920K, reserved 1093632K
  class space    used 6487K, capacity 7057K, committed 7168K, reserved 1048576K
}
Event: 4.321 GC heap after
{Heap after GC invocations=18 (full 0):
 garbage-first heap   total 145408K, used 95256K [0x0000000080000000, 0x0000000100000000)
  region size 1024K, 4 young (4096K), 4 survivors (4096K)
 Metaspace       used 50317K, capacity 51737K, committed 51920K, reserved 1093632K
  class space    used 6487K, capacity 7057K, committed 7168K, reserved 1048576K
}
Event: 4.567 GC heap before
{Heap before GC invocations=18 (full 0):
 garbage-first heap   total 145408K, used 119832K [0x0000000080000000, 0x0000000100000000)
  region size 1024K, 28 young (28672K), 4 survivors (4096K)
 Metaspace       used 51822K, capacity 53271K, committed 53584K, reserved 1095680K
  class space    used 6658K, capacity 7223K, committed 7296K, reserved 1048576K
}
Event: 4.570 GC heap after
{Heap after GC invocations=19 (full 0):
 garbage-first heap   total 145408K, used 96614K [0x0000000080000000, 0x0000000100000000)
  region size 1024K, 4 young (4096K), 4 survivors (4096K)
 Metaspace       used 51822K, capacity 53271K, committed 53584K, reserved 1095680K
  class space    used 6658K, capacity 7223K, committed 7296K, reserved 1048576K
}
Event: 4.710 GC heap before
{Heap before GC invocations=20 (full 0):
 garbage-first heap   total 145408K, used 115046K [0x0000000080000000, 0x0000000100000000)
  region size 1024K, 24 young (24576K), 4 survivors (4096K)
 Metaspace       used 52167K, capacity 53692K, committed 53840K, reserved 1095680K
  class space    used 6690K, capacity 7295K, committed 7296K, reserved 1048576K
}
Event: 4.713 GC heap after
{Heap after GC invocations=21 (full 0):
 garbage-first heap   total 145408K, used 97499K [0x0000000080000000, 0x0000000100000000)
  region size 1024K, 3 young (3072K), 3 survivors (3072K)
 Metaspace       used 52167K, capacity 53692K, committed 53840K, reserved 1095680K
  class space    used 6690K, capacity 7295K, committed 7296K, reserved 1048576K
}
Event: 4.781 GC heap before
{Heap before GC invocations=22 (full 0):
 garbage-first heap   total 145408K, used 107739K [0x0000000080000000, 0x0000000100000000)
  region size 1024K, 12 young (12288K), 3 survivors (3072K)
 Metaspace       used 52557K, capacity 54162K, committed 54224K, reserved 1095680K
  class space    used 6754K, capacity 7369K, committed 7424K, reserved 1048576K
}
Event: 4.784 GC heap after
{Heap after GC invocations=23 (full 0):
 garbage-first heap   total 175104K, used 103558K [0x0000000080000000, 0x0000000100000000)
  region size 1024K, 4 young (4096K), 4 survivors (4096K)
 Metaspace       used 52557K, capacity 54162K, committed 54224K, reserved 1095680K
  class space    used 6754K, capacity 7369K, committed 7424K, reserved 1048576K
}
Event: 5.102 GC heap before
{Heap before GC invocations=24 (full 0):
 garbage-first heap   total 175104K, used 142470K [0x0000000080000000, 0x0000000100000000)
  region size 1024K, 41 young (41984K), 4 survivors (4096K)
 Metaspace       used 56975K, capacity 58704K, committed 58960K, reserved 1110016K
  class space    used 7278K, capacity 7984K, committed 8064K, reserved 1048576K
}
Event: 5.104 GC heap after
{Heap after GC invocations=25 (full 0):
 garbage-first heap   total 175104K, used 106434K [0x0000000080000000, 0x0000000100000000)
  region size 1024K, 3 young (3072K), 3 survivors (3072K)
 Metaspace       used 56975K, capacity 58704K, committed 58960K, reserved 1110016K
  class space    used 7278K, capacity 7984K, committed 8064K, reserved 1048576K
}
Event: 5.133 GC heap before
{Heap before GC invocations=25 (full 0):
 garbage-first heap   total 175104K, used 110530K [0x0000000080000000, 0x0000000100000000)
  region size 1024K, 8 young (8192K), 3 survivors (3072K)
 Metaspace       used 57744K, capacity 59418K, committed 59472K, reserved 1116160K
  class space    used 7368K, capacity 8052K, committed 8064K, reserved 1048576K
}
Event: 5.135 GC heap after
{Heap after GC invocations=26 (full 0):
 garbage-first heap   total 175104K, used 106686K [0x0000000080000000, 0x0000000100000000)
  region size 1024K, 1 young (1024K), 1 survivors (1024K)
 Metaspace       used 57744K, capacity 59418K, committed 59472K, reserved 1116160K
  class space    used 7368K, capacity 8052K, committed 8064K, reserved 1048576K
}

