# JRE version: OpenJDK Runtime Environment (11.0.15) (build 11.0.15+0-b2043.56-9505619)
# Java VM: OpenJDK 64-Bit Server VM (11.0.15+0-b2043.56-9505619, mixed mode, tiered, compressed oops, g1 gc, windows-amd64)
Heap:
 garbage-first heap   total 253952K, used 118911K [0x0000000080000000, 0x0000000100000000)
  region size 1024K, 9 young (9216K), 7 survivors (7168K)
 Metaspace       used 68844K, capacity 70713K, committed 70992K, reserved 1110016K
  class space    used 8827K, capacity 9544K, committed 9676K, reserved 1048576K
GC Heap History (20 events):
Event: 3.356 GC heap before
{Heap before GC invocations=19 (full 0):
 garbage-first heap   total 145408K, used 113388K [0x0000000080000000, 0x0000000100000000)
  region size 1024K, 30 young (30720K), 4 survivors (4096K)
 Metaspace       used 46551K, capacity 47764K, committed 48080K, reserved 1091584K
  class space    used 5876K, capacity 6353K, committed 6476K, reserved 1048576K
}
Event: 3.359 GC heap after
{Heap after GC invocations=20 (full 0):
 garbage-first heap   total 145408K, used 87604K [0x0000000080000000, 0x0000000100000000)
  region size 1024K, 3 young (3072K), 3 survivors (3072K)
 Metaspace       used 46551K, capacity 47764K, committed 48080K, reserved 1091584K
  class space    used 5876K, capacity 6353K, committed 6476K, reserved 1048576K
}
Event: 3.524 GC heap before
{Heap before GC invocations=20 (full 0):
 garbage-first heap   total 145408K, used 111156K [0x0000000080000000, 0x0000000100000000)
  region size 1024K, 27 young (27648K), 3 survivors (3072K)
 Metaspace       used 48135K, capacity 49475K, committed 49616K, reserved 1091584K
  class space    used 6145K, capacity 6686K, committed 6732K, reserved 1048576K
}
Event: 3.528 GC heap after
{Heap after GC invocations=21 (full 0):
 garbage-first heap   total 175104K, used 89188K [0x0000000080000000, 0x0000000100000000)
  region size 1024K, 2 young (2048K), 2 survivors (2048K)
 Metaspace       used 48135K, capacity 49475K, committed 49616K, reserved 1091584K
  class space    used 6145K, capacity 6686K, committed 6732K, reserved 1048576K
}
Event: 3.804 GC heap before
{Heap before GC invocations=22 (full 0):
 garbage-first heap   total 175104K, used 132196K [0x0000000080000000, 0x0000000100000000)
  region size 1024K, 39 young (39936K), 2 survivors (2048K)
 Metaspace       used 50671K, capacity 52085K, committed 52432K, reserved 1095680K
  class space    used 6556K, capacity 7130K, committed 7244K, reserved 1048576K
}
Event: 3.807 GC heap after
{Heap after GC invocations=23 (full 0):
 garbage-first heap   total 175104K, used 96552K [0x0000000080000000, 0x0000000100000000)
  region size 1024K, 4 young (4096K), 4 survivors (4096K)
 Metaspace       used 50671K, capacity 52085K, committed 52432K, reserved 1095680K
  class space    used 6556K, capacity 7130K, committed 7244K, reserved 1048576K
}
Event: 4.013 GC heap before
{Heap before GC invocations=23 (full 0):
 garbage-first heap   total 175104K, used 132392K [0x0000000080000000, 0x0000000100000000)
  region size 1024K, 40 young (40960K), 4 survivors (4096K)
 Metaspace       used 51723K, capacity 53195K, committed 53328K, reserved 1095680K
  class space    used 6657K, capacity 7258K, committed 7372K, reserved 1048576K
}
Event: 4.017 GC heap after
{Heap after GC invocations=24 (full 0):
 garbage-first heap   total 175104K, used 98500K [0x0000000080000000, 0x0000000100000000)
  region size 1024K, 5 young (5120K), 5 survivors (5120K)
 Metaspace       used 51723K, capacity 53195K, committed 53328K, reserved 1095680K
  class space    used 6657K, capacity 7258K, committed 7372K, reserved 1048576K
}
Event: 4.053 GC heap before
{Heap before GC invocations=25 (full 0):
 garbage-first heap   total 175104K, used 101572K [0x0000000080000000, 0x0000000100000000)
  region size 1024K, 8 young (8192K), 5 survivors (5120K)
 Metaspace       used 51849K, capacity 53457K, committed 53584K, reserved 1095680K
  class space    used 6675K, capacity 7304K, committed 7372K, reserved 1048576K
}
Event: 4.056 GC heap after
{Heap after GC invocations=26 (full 0):
 garbage-first heap   total 175104K, used 100611K [0x0000000080000000, 0x0000000100000000)
  region size 1024K, 4 young (4096K), 4 survivors (4096K)
 Metaspace       used 51849K, capacity 53457K, committed 53584K, reserved 1095680K
  class space    used 6675K, capacity 7304K, committed 7372K, reserved 1048576K
}
Event: 4.093 GC heap before
{Heap before GC invocations=27 (full 0):
 garbage-first heap   total 175104K, used 107779K [0x0000000080000000, 0x0000000100000000)
  region size 1024K, 11 young (11264K), 4 survivors (4096K)
 Metaspace       used 52146K, capacity 53745K, committed 53840K, reserved 1095680K
  class space    used 6725K, capacity 7336K, committed 7372K, reserved 1048576K
}
Event: 4.096 GC heap after
{Heap after GC invocations=28 (full 0):
 garbage-first heap   total 210944K, used 104480K [0x0000000080000000, 0x0000000100000000)
  region size 1024K, 6 young (6144K), 6 survivors (6144K)
 Metaspace       used 52146K, capacity 53745K, committed 53840K, reserved 1095680K
  class space    used 6725K, capacity 7336K, committed 7372K, reserved 1048576K
}
Event: 4.514 GC heap before
{Heap before GC invocations=29 (full 0):
 garbage-first heap   total 210944K, used 158752K [0x0000000080000000, 0x0000000100000000)
  region size 1024K, 58 young (59392K), 6 survivors (6144K)
 Metaspace       used 58491K, capacity 60222K, committed 60368K, reserved 1101824K
  class space    used 7508K, capacity 8216K, committed 8268K, reserved 1048576K
}
Event: 4.518 GC heap after
{Heap after GC invocations=30 (full 0):
 garbage-first heap   total 210944K, used 106859K [0x0000000080000000, 0x0000000100000000)
  region size 1024K, 7 young (7168K), 7 survivors (7168K)
 Metaspace       used 58491K, capacity 60222K, committed 60368K, reserved 1101824K
  class space    used 7508K, capacity 8216K, committed 8268K, reserved 1048576K
}
Event: 4.729 GC heap before
{Heap before GC invocations=30 (full 0):
 garbage-first heap   total 210944K, used 125291K [0x0000000080000000, 0x0000000100000000)
  region size 1024K, 26 young (26624K), 7 survivors (7168K)
 Metaspace       used 62089K, capacity 63991K, committed 64208K, reserved 1105920K
  class space    used 7953K, capacity 8708K, committed 8780K, reserved 1048576K
}
Event: 4.733 GC heap after
{Heap after GC invocations=31 (full 0):
 garbage-first heap   total 210944K, used 109448K [0x0000000080000000, 0x0000000100000000)
  region size 1024K, 6 young (6144K), 6 survivors (6144K)
 Metaspace       used 62089K, capacity 63991K, committed 64208K, reserved 1105920K
  class space    used 7953K, capacity 8708K, committed 8780K, reserved 1048576K
}
Event: 4.774 GC heap before
{Heap before GC invocations=32 (full 0):
 garbage-first heap   total 210944K, used 123784K [0x0000000080000000, 0x0000000100000000)
  region size 1024K, 16 young (16384K), 6 survivors (6144K)
 Metaspace       used 62035K, capacity 63898K, committed 64208K, reserved 1105920K
  class space    used 7935K, capacity 8676K, committed 8780K, reserved 1048576K
}
Event: 4.778 GC heap after
{Heap after GC invocations=33 (full 0):
 garbage-first heap   total 210944K, used 116370K [0x0000000080000000, 0x0000000100000000)
  region size 1024K, 6 young (6144K), 6 survivors (6144K)
 Metaspace       used 62035K, capacity 63898K, committed 64208K, reserved 1105920K
  class space    used 7935K, capacity 8676K, committed 8780K, reserved 1048576K
}
Event: 5.110 GC heap before
{Heap before GC invocations=34 (full 0):
 garbage-first heap   total 210944K, used 162450K [0x0000000080000000, 0x0000000100000000)
  region size 1024K, 49 young (50176K), 6 survivors (6144K)
 Metaspace       used 65469K, capacity 67250K, committed 67408K, reserved 1107968K
  class space    used 8359K, capacity 9078K, committed 9164K, reserved 1048576K
}
Event: 5.118 GC heap after
{Heap after GC invocations=35 (full 0):
 garbage-first heap   total 253952K, used 113829K [0x0000000080000000, 0x0000000100000000)
  region size 1024K, 3 young (3072K), 3 survivors (3072K)
 Metaspace       used 65469K, capacity 67250K, committed 67408K, reserved 1107968K
  class space    used 8359K, capacity 9078K, committed 9164K, reserved 1048576K
}

